<?xml version="1.0" encoding="UTF-8"?>
<sv:node xmlns:hippoexternal="http://www.hippoecm.org/hippoexternal/nt/1.0" xmlns:hippo="http://www.onehippo.org/jcr/hippo/nt/2.0.2" xmlns:hipposys="http://www.onehippo.org/jcr/hipposys/nt/1.0" xmlns:sv="http://www.jcp.org/jcr/sv/1.0" sv:name="hippoexternal:authorization">
  <sv:property sv:name="jcr:primaryType" sv:type="Name">
    <sv:value>hipposys:domain</sv:value>
  </sv:property>
  <sv:node sv:name="hippo:authrole">
    <sv:property sv:name="jcr:primaryType" sv:type="Name">
      <sv:value>hipposys:authrole</sv:value>
    </sv:property>
    <sv:property sv:name="hipposys:groups" sv:type="String" sv:multiple="true">
      <sv:value>everybody</sv:value>
    </sv:property>
    <sv:property sv:name="hipposys:role" sv:type="String">
      <sv:value>readonly</sv:value>
    </sv:property>
  </sv:node>
  <sv:node sv:name="hippoexternal-authorisation">
    <sv:property sv:name="jcr:primaryType" sv:type="Name">
      <sv:value>hipposys:domainrule</sv:value>
    </sv:property>
    <sv:node sv:name="type-authorisation">
      <sv:property sv:name="jcr:primaryType" sv:type="Name">
        <sv:value>hipposys:facetrule</sv:value>
      </sv:property>
      <sv:property sv:name="hipposys:equals" sv:type="Boolean">
        <sv:value>true</sv:value>
      </sv:property>
      <sv:property sv:name="hipposys:facet" sv:type="String">
        <sv:value>jcr:primaryType</sv:value>
      </sv:property>
      <sv:property sv:name="hipposys:filter" sv:type="Boolean">
        <sv:value>false</sv:value>
      </sv:property>
      <sv:property sv:name="hipposys:type" sv:type="String">
        <sv:value>Name</sv:value>
      </sv:property>
      <sv:property sv:name="hipposys:value" sv:type="String">
        <sv:value>hippoexternal:authorisation</sv:value>
      </sv:property>
    </sv:node>
  </sv:node>
  <sv:node sv:name="hippoexternal-authorisationconfig">
    <sv:property sv:name="jcr:primaryType" sv:type="Name">
      <sv:value>hipposys:domainrule</sv:value>
    </sv:property>
    <sv:node sv:name="type-authorisationconfig">
      <sv:property sv:name="jcr:primaryType" sv:type="Name">
        <sv:value>hipposys:facetrule</sv:value>
      </sv:property>
      <sv:property sv:name="hipposys:equals" sv:type="Boolean">
        <sv:value>true</sv:value>
      </sv:property>
      <sv:property sv:name="hipposys:facet" sv:type="String">
        <sv:value>jcr:primaryType</sv:value>
      </sv:property>
      <sv:property sv:name="hipposys:filter" sv:type="Boolean">
        <sv:value>false</sv:value>
      </sv:property>
      <sv:property sv:name="hipposys:type" sv:type="String">
        <sv:value>Name</sv:value>
      </sv:property>
      <sv:property sv:name="hipposys:value" sv:type="String">
        <sv:value>hippoexternal:authorisationconfig</sv:value>
      </sv:property>
    </sv:node>
    <sv:node sv:name="filter-privileges">
      <sv:property sv:name="jcr:primaryType" sv:type="Name">
        <sv:value>hipposys:facetrule</sv:value>
      </sv:property>
      <sv:property sv:name="hipposys:equals" sv:type="Boolean">
        <sv:value>true</sv:value>
      </sv:property>
      <sv:property sv:name="hipposys:facet" sv:type="String">
        <sv:value>hippoexternal:privileges</sv:value>
      </sv:property>
      <sv:property sv:name="hipposys:filter" sv:type="Boolean">
        <sv:value>false</sv:value>
      </sv:property>
      <sv:property sv:name="hipposys:type" sv:type="String">
        <sv:value>String</sv:value>
      </sv:property>
      <sv:property sv:name="hipposys:value" sv:type="String">
        <sv:value>__group__</sv:value>
      </sv:property>
    </sv:node>
  </sv:node>
</sv:node>
